<?xml version="1.0" encoding="UTF-8"?>
<!-- Generated by org.testng.reporters.JUnitReportReporter -->
<testsuite hostname="LAPTOP-KB831JER" failures="0" tests="3" name="testpackage.Practice1" time="0.012" errors="0" timestamp="2022-05-30T14:11:22 IST" skipped="0">
  <testcase classname="testpackage.Practice1" name="sample1" time="0.010"/>
  <system-out/>
  <testcase classname="testpackage.Practice1" name="sample3" time="0.001"/>
  <system-out/>
  <testcase classname="testpackage.Practice1" name="sample2" time="0.001"/>
  <system-out/>
</testsuite> <!-- testpackage.Practice1 -->
