<?xml version="1.0" encoding="UTF-8"?>
<!-- Generated by org.testng.reporters.JUnitReportReporter -->
<testsuite hostname="LAPTOP-KB831JER" failures="0" tests="1" name="testpackage.practice2" time="0.001" errors="0" timestamp="2022-05-30T14:11:22 IST" skipped="0">
  <testcase classname="testpackage.practice2" name="HomePage" time="0.001"/>
  <system-out/>
</testsuite> <!-- testpackage.practice2 -->
